[1;34mINFO [0m 2025-07-16T04:49:06.764Z pid=13811 tid=bgj: Booted Rails 8.0.2 application in development environment
[1;34mINFO [0m 2025-07-16T04:49:06.764Z pid=13811 tid=bgj: Running in ruby 3.3.0 (2023-12-25 revision 5124f9ac75) [arm64-darwin24]
[1;34mINFO [0m 2025-07-16T04:49:06.764Z pid=13811 tid=bgj: See LICENSE and the LGPL-3.0 for licensing details.
[1;34mINFO [0m 2025-07-16T04:49:06.764Z pid=13811 tid=bgj: Upgrade to Sidekiq Pro for more features and support: https://sidekiq.org
[1;34mINFO [0m 2025-07-16T04:49:06.764Z pid=13811 tid=bgj: Sidekiq 8.0.5 connecting to Redis with options {:size=>10, :pool_name=>"internal", :url=>nil}
[1;34mINFO [0m 2025-07-16T04:49:06.766Z pid=13811 tid=bgj: Sidekiq 8.0.5 connecting to Redis with options {:size=>5, :pool_name=>"default", :url=>nil}
[1;34mINFO [0m 2025-07-16T07:12:07.668Z pid=13811 tid=bgj: Shutting down
[1;34mINFO [0m 2025-07-16T07:12:07.669Z pid=13811 tid=bgj: Terminating quiet threads for default capsule
[1;34mINFO [0m 2025-07-16T07:12:07.670Z pid=13811 tid=1yr: Scheduler exiting...
[1;34mINFO [0m 2025-07-16T07:12:07.776Z pid=13811 tid=1yf: /Users/aayushpatel/.rbenv/versions/3.3.0/lib/ruby/3.3.0/socket.rb:1219:in `__connect_nonblock': Connection refused - connect(2) for 127.0.0.1:6379 (redis://localhost:6379) (RedisClient::CannotConnectError)
	from /Users/aayushpatel/.rbenv/versions/3.3.0/lib/ruby/3.3.0/socket.rb:1219:in `connect_nonblock'
	from /Users/aayushpatel/.rbenv/versions/3.3.0/lib/ruby/3.3.0/socket.rb:60:in `connect_internal'
	from /Users/aayushpatel/.rbenv/versions/3.3.0/lib/ruby/3.3.0/socket.rb:141:in `connect'
	from /Users/aayushpatel/.rbenv/versions/3.3.0/lib/ruby/3.3.0/socket.rb:647:in `block in tcp'
	from /Users/aayushpatel/.rbenv/versions/3.3.0/lib/ruby/3.3.0/socket.rb:231:in `each'
	from /Users/aayushpatel/.rbenv/versions/3.3.0/lib/ruby/3.3.0/socket.rb:231:in `foreach'
	from /Users/aayushpatel/.rbenv/versions/3.3.0/lib/ruby/3.3.0/socket.rb:637:in `tcp'
	from /Users/aayushpatel/.rbenv/versions/3.3.0/lib/ruby/gems/3.3.0/gems/redis-client-0.25.0/lib/redis_client/ruby_connection.rb:120:in `connect'
	from /Users/aayushpatel/.rbenv/versions/3.3.0/lib/ruby/gems/3.3.0/gems/redis-client-0.25.0/lib/redis_client/connection_mixin.rb:11:in `reconnect'
	from /Users/aayushpatel/.rbenv/versions/3.3.0/lib/ruby/gems/3.3.0/gems/redis-client-0.25.0/lib/redis_client.rb:769:in `block in connect'
	from /Users/aayushpatel/.rbenv/versions/3.3.0/lib/ruby/gems/3.3.0/gems/redis-client-0.25.0/lib/redis_client/middlewares.rb:12:in `connect'
	from /Users/aayushpatel/.rbenv/versions/3.3.0/lib/ruby/gems/3.3.0/gems/redis-client-0.25.0/lib/redis_client.rb:768:in `connect'
	from /Users/aayushpatel/.rbenv/versions/3.3.0/lib/ruby/gems/3.3.0/gems/redis-client-0.25.0/lib/redis_client.rb:759:in `raw_connection'
	from /Users/aayushpatel/.rbenv/versions/3.3.0/lib/ruby/gems/3.3.0/gems/redis-client-0.25.0/lib/redis_client.rb:719:in `ensure_connected'
	from /Users/aayushpatel/.rbenv/versions/3.3.0/lib/ruby/gems/3.3.0/gems/redis-client-0.25.0/lib/redis_client.rb:360:in `blocking_call'
	from /Users/aayushpatel/.rbenv/versions/3.3.0/lib/ruby/gems/3.3.0/gems/redis-client-0.25.0/lib/redis_client/decorator.rb:26:in `blocking_call'
	from /Users/aayushpatel/.rbenv/versions/3.3.0/lib/ruby/gems/3.3.0/gems/sidekiq-8.0.5/lib/sidekiq/fetch.rb:47:in `block in retrieve_work'
	from /Users/aayushpatel/.rbenv/versions/3.3.0/lib/ruby/gems/3.3.0/gems/sidekiq-8.0.5/lib/sidekiq/capsule.rb:107:in `block in redis'
	from /Users/aayushpatel/.rbenv/versions/3.3.0/lib/ruby/gems/3.3.0/gems/connection_pool-2.5.3/lib/connection_pool.rb:110:in `block (2 levels) in with'
	from /Users/aayushpatel/.rbenv/versions/3.3.0/lib/ruby/gems/3.3.0/gems/connection_pool-2.5.3/lib/connection_pool.rb:109:in `handle_interrupt'
	from /Users/aayushpatel/.rbenv/versions/3.3.0/lib/ruby/gems/3.3.0/gems/connection_pool-2.5.3/lib/connection_pool.rb:109:in `block in with'
	from /Users/aayushpatel/.rbenv/versions/3.3.0/lib/ruby/gems/3.3.0/gems/connection_pool-2.5.3/lib/connection_pool.rb:106:in `handle_interrupt'
	from /Users/aayushpatel/.rbenv/versions/3.3.0/lib/ruby/gems/3.3.0/gems/connection_pool-2.5.3/lib/connection_pool.rb:106:in `with'
	from /Users/aayushpatel/.rbenv/versions/3.3.0/lib/ruby/gems/3.3.0/gems/sidekiq-8.0.5/lib/sidekiq/capsule.rb:104:in `redis'
	from /Users/aayushpatel/.rbenv/versions/3.3.0/lib/ruby/gems/3.3.0/gems/sidekiq-8.0.5/lib/sidekiq/component.rb:55:in `redis'
	from /Users/aayushpatel/.rbenv/versions/3.3.0/lib/ruby/gems/3.3.0/gems/sidekiq-8.0.5/lib/sidekiq/fetch.rb:47:in `retrieve_work'
	from /Users/aayushpatel/.rbenv/versions/3.3.0/lib/ruby/gems/3.3.0/gems/sidekiq-8.0.5/lib/sidekiq/processor.rb:92:in `get_one'
	from /Users/aayushpatel/.rbenv/versions/3.3.0/lib/ruby/gems/3.3.0/gems/sidekiq-8.0.5/lib/sidekiq/processor.rb:104:in `fetch'
	from /Users/aayushpatel/.rbenv/versions/3.3.0/lib/ruby/gems/3.3.0/gems/sidekiq-8.0.5/lib/sidekiq/processor.rb:86:in `process_one'
	from /Users/aayushpatel/.rbenv/versions/3.3.0/lib/ruby/gems/3.3.0/gems/sidekiq-8.0.5/lib/sidekiq/processor.rb:77:in `run'
	from /Users/aayushpatel/.rbenv/versions/3.3.0/lib/ruby/gems/3.3.0/gems/sidekiq-8.0.5/lib/sidekiq/component.rb:37:in `watchdog'
	from /Users/aayushpatel/.rbenv/versions/3.3.0/lib/ruby/gems/3.3.0/gems/sidekiq-8.0.5/lib/sidekiq/component.rb:46:in `block in safe_thread'
/Users/aayushpatel/.rbenv/versions/3.3.0/lib/ruby/3.3.0/socket.rb:1219:in `__connect_nonblock': Connection refused - connect(2) for 127.0.0.1:6379 (Errno::ECONNREFUSED)
	from /Users/aayushpatel/.rbenv/versions/3.3.0/lib/ruby/3.3.0/socket.rb:1219:in `connect_nonblock'
	from /Users/aayushpatel/.rbenv/versions/3.3.0/lib/ruby/3.3.0/socket.rb:60:in `connect_internal'
	from /Users/aayushpatel/.rbenv/versions/3.3.0/lib/ruby/3.3.0/socket.rb:141:in `connect'
	from /Users/aayushpatel/.rbenv/versions/3.3.0/lib/ruby/3.3.0/socket.rb:647:in `block in tcp'
	from /Users/aayushpatel/.rbenv/versions/3.3.0/lib/ruby/3.3.0/socket.rb:231:in `each'
	from /Users/aayushpatel/.rbenv/versions/3.3.0/lib/ruby/3.3.0/socket.rb:231:in `foreach'
	from /Users/aayushpatel/.rbenv/versions/3.3.0/lib/ruby/3.3.0/socket.rb:637:in `tcp'
	from /Users/aayushpatel/.rbenv/versions/3.3.0/lib/ruby/gems/3.3.0/gems/redis-client-0.25.0/lib/redis_client/ruby_connection.rb:120:in `connect'
	from /Users/aayushpatel/.rbenv/versions/3.3.0/lib/ruby/gems/3.3.0/gems/redis-client-0.25.0/lib/redis_client/connection_mixin.rb:11:in `reconnect'
	from /Users/aayushpatel/.rbenv/versions/3.3.0/lib/ruby/gems/3.3.0/gems/redis-client-0.25.0/lib/redis_client.rb:769:in `block in connect'
	from /Users/aayushpatel/.rbenv/versions/3.3.0/lib/ruby/gems/3.3.0/gems/redis-client-0.25.0/lib/redis_client/middlewares.rb:12:in `connect'
	from /Users/aayushpatel/.rbenv/versions/3.3.0/lib/ruby/gems/3.3.0/gems/redis-client-0.25.0/lib/redis_client.rb:768:in `connect'
	from /Users/aayushpatel/.rbenv/versions/3.3.0/lib/ruby/gems/3.3.0/gems/redis-client-0.25.0/lib/redis_client.rb:759:in `raw_connection'
	from /Users/aayushpatel/.rbenv/versions/3.3.0/lib/ruby/gems/3.3.0/gems/redis-client-0.25.0/lib/redis_client.rb:719:in `ensure_connected'
	from /Users/aayushpatel/.rbenv/versions/3.3.0/lib/ruby/gems/3.3.0/gems/redis-client-0.25.0/lib/redis_client.rb:360:in `blocking_call'
	from /Users/aayushpatel/.rbenv/versions/3.3.0/lib/ruby/gems/3.3.0/gems/redis-client-0.25.0/lib/redis_client/decorator.rb:26:in `blocking_call'
	from /Users/aayushpatel/.rbenv/versions/3.3.0/lib/ruby/gems/3.3.0/gems/sidekiq-8.0.5/lib/sidekiq/fetch.rb:47:in `block in retrieve_work'
	from /Users/aayushpatel/.rbenv/versions/3.3.0/lib/ruby/gems/3.3.0/gems/sidekiq-8.0.5/lib/sidekiq/capsule.rb:107:in `block in redis'
	from /Users/aayushpatel/.rbenv/versions/3.3.0/lib/ruby/gems/3.3.0/gems/connection_pool-2.5.3/lib/connection_pool.rb:110:in `block (2 levels) in with'
	from /Users/aayushpatel/.rbenv/versions/3.3.0/lib/ruby/gems/3.3.0/gems/connection_pool-2.5.3/lib/connection_pool.rb:109:in `handle_interrupt'
	from /Users/aayushpatel/.rbenv/versions/3.3.0/lib/ruby/gems/3.3.0/gems/connection_pool-2.5.3/lib/connection_pool.rb:109:in `block in with'
	from /Users/aayushpatel/.rbenv/versions/3.3.0/lib/ruby/gems/3.3.0/gems/connection_pool-2.5.3/lib/connection_pool.rb:106:in `handle_interrupt'
	from /Users/aayushpatel/.rbenv/versions/3.3.0/lib/ruby/gems/3.3.0/gems/connection_pool-2.5.3/lib/connection_pool.rb:106:in `with'
	from /Users/aayushpatel/.rbenv/versions/3.3.0/lib/ruby/gems/3.3.0/gems/sidekiq-8.0.5/lib/sidekiq/capsule.rb:104:in `redis'
	from /Users/aayushpatel/.rbenv/versions/3.3.0/lib/ruby/gems/3.3.0/gems/sidekiq-8.0.5/lib/sidekiq/component.rb:55:in `redis'
	from /Users/aayushpatel/.rbenv/versions/3.3.0/lib/ruby/gems/3.3.0/gems/sidekiq-8.0.5/lib/sidekiq/fetch.rb:47:in `retrieve_work'
	from /Users/aayushpatel/.rbenv/versions/3.3.0/lib/ruby/gems/3.3.0/gems/sidekiq-8.0.5/lib/sidekiq/processor.rb:92:in `get_one'
	from /Users/aayushpatel/.rbenv/versions/3.3.0/lib/ruby/gems/3.3.0/gems/sidekiq-8.0.5/lib/sidekiq/processor.rb:104:in `fetch'
	from /Users/aayushpatel/.rbenv/versions/3.3.0/lib/ruby/gems/3.3.0/gems/sidekiq-8.0.5/lib/sidekiq/processor.rb:86:in `process_one'
	from /Users/aayushpatel/.rbenv/versions/3.3.0/lib/ruby/gems/3.3.0/gems/sidekiq-8.0.5/lib/sidekiq/processor.rb:77:in `run'
	from /Users/aayushpatel/.rbenv/versions/3.3.0/lib/ruby/gems/3.3.0/gems/sidekiq-8.0.5/lib/sidekiq/component.rb:37:in `watchdog'
	from /Users/aayushpatel/.rbenv/versions/3.3.0/lib/ruby/gems/3.3.0/gems/sidekiq-8.0.5/lib/sidekiq/component.rb:46:in `block in safe_thread'

[1;34mINFO [0m 2025-07-16T07:12:07.776Z pid=13811 tid=1y3: /Users/aayushpatel/.rbenv/versions/3.3.0/lib/ruby/3.3.0/socket.rb:1219:in `__connect_nonblock': Connection refused - connect(2) for 127.0.0.1:6379 (redis://localhost:6379) (RedisClient::CannotConnectError)
	from /Users/aayushpatel/.rbenv/versions/3.3.0/lib/ruby/3.3.0/socket.rb:1219:in `connect_nonblock'
	from /Users/aayushpatel/.rbenv/versions/3.3.0/lib/ruby/3.3.0/socket.rb:60:in `connect_internal'
	from /Users/aayushpatel/.rbenv/versions/3.3.0/lib/ruby/3.3.0/socket.rb:141:in `connect'
	from /Users/aayushpatel/.rbenv/versions/3.3.0/lib/ruby/3.3.0/socket.rb:647:in `block in tcp'
	from /Users/aayushpatel/.rbenv/versions/3.3.0/lib/ruby/3.3.0/socket.rb:231:in `each'
	from /Users/aayushpatel/.rbenv/versions/3.3.0/lib/ruby/3.3.0/socket.rb:231:in `foreach'
	from /Users/aayushpatel/.rbenv/versions/3.3.0/lib/ruby/3.3.0/socket.rb:637:in `tcp'
	from /Users/aayushpatel/.rbenv/versions/3.3.0/lib/ruby/gems/3.3.0/gems/redis-client-0.25.0/lib/redis_client/ruby_connection.rb:120:in `connect'
	from /Users/aayushpatel/.rbenv/versions/3.3.0/lib/ruby/gems/3.3.0/gems/redis-client-0.25.0/lib/redis_client/connection_mixin.rb:11:in `reconnect'
	from /Users/aayushpatel/.rbenv/versions/3.3.0/lib/ruby/gems/3.3.0/gems/redis-client-0.25.0/lib/redis_client.rb:769:in `block in connect'
	from /Users/aayushpatel/.rbenv/versions/3.3.0/lib/ruby/gems/3.3.0/gems/redis-client-0.25.0/lib/redis_client/middlewares.rb:12:in `connect'
	from /Users/aayushpatel/.rbenv/versions/3.3.0/lib/ruby/gems/3.3.0/gems/redis-client-0.25.0/lib/redis_client.rb:768:in `connect'
	from /Users/aayushpatel/.rbenv/versions/3.3.0/lib/ruby/gems/3.3.0/gems/redis-client-0.25.0/lib/redis_client.rb:759:in `raw_connection'
	from /Users/aayushpatel/.rbenv/versions/3.3.0/lib/ruby/gems/3.3.0/gems/redis-client-0.25.0/lib/redis_client.rb:719:in `ensure_connected'
	from /Users/aayushpatel/.rbenv/versions/3.3.0/lib/ruby/gems/3.3.0/gems/redis-client-0.25.0/lib/redis_client.rb:360:in `blocking_call'
	from /Users/aayushpatel/.rbenv/versions/3.3.0/lib/ruby/gems/3.3.0/gems/redis-client-0.25.0/lib/redis_client/decorator.rb:26:in `blocking_call'
	from /Users/aayushpatel/.rbenv/versions/3.3.0/lib/ruby/gems/3.3.0/gems/sidekiq-8.0.5/lib/sidekiq/fetch.rb:47:in `block in retrieve_work'
	from /Users/aayushpatel/.rbenv/versions/3.3.0/lib/ruby/gems/3.3.0/gems/sidekiq-8.0.5/lib/sidekiq/capsule.rb:107:in `block in redis'
	from /Users/aayushpatel/.rbenv/versions/3.3.0/lib/ruby/gems/3.3.0/gems/connection_pool-2.5.3/lib/connection_pool.rb:110:in `block (2 levels) in with'
	from /Users/aayushpatel/.rbenv/versions/3.3.0/lib/ruby/gems/3.3.0/gems/connection_pool-2.5.3/lib/connection_pool.rb:109:in `handle_interrupt'
	from /Users/aayushpatel/.rbenv/versions/3.3.0/lib/ruby/gems/3.3.0/gems/connection_pool-2.5.3/lib/connection_pool.rb:109:in `block in with'
	from /Users/aayushpatel/.rbenv/versions/3.3.0/lib/ruby/gems/3.3.0/gems/connection_pool-2.5.3/lib/connection_pool.rb:106:in `handle_interrupt'
	from /Users/aayushpatel/.rbenv/versions/3.3.0/lib/ruby/gems/3.3.0/gems/connection_pool-2.5.3/lib/connection_pool.rb:106:in `with'
	from /Users/aayushpatel/.rbenv/versions/3.3.0/lib/ruby/gems/3.3.0/gems/sidekiq-8.0.5/lib/sidekiq/capsule.rb:104:in `redis'
	from /Users/aayushpatel/.rbenv/versions/3.3.0/lib/ruby/gems/3.3.0/gems/sidekiq-8.0.5/lib/sidekiq/component.rb:55:in `redis'
	from /Users/aayushpatel/.rbenv/versions/3.3.0/lib/ruby/gems/3.3.0/gems/sidekiq-8.0.5/lib/sidekiq/fetch.rb:47:in `retrieve_work'
	from /Users/aayushpatel/.rbenv/versions/3.3.0/lib/ruby/gems/3.3.0/gems/sidekiq-8.0.5/lib/sidekiq/processor.rb:92:in `get_one'
	from /Users/aayushpatel/.rbenv/versions/3.3.0/lib/ruby/gems/3.3.0/gems/sidekiq-8.0.5/lib/sidekiq/processor.rb:104:in `fetch'
	from /Users/aayushpatel/.rbenv/versions/3.3.0/lib/ruby/gems/3.3.0/gems/sidekiq-8.0.5/lib/sidekiq/processor.rb:86:in `process_one'
	from /Users/aayushpatel/.rbenv/versions/3.3.0/lib/ruby/gems/3.3.0/gems/sidekiq-8.0.5/lib/sidekiq/processor.rb:77:in `run'
	from /Users/aayushpatel/.rbenv/versions/3.3.0/lib/ruby/gems/3.3.0/gems/sidekiq-8.0.5/lib/sidekiq/component.rb:37:in `watchdog'
	from /Users/aayushpatel/.rbenv/versions/3.3.0/lib/ruby/gems/3.3.0/gems/sidekiq-8.0.5/lib/sidekiq/component.rb:46:in `block in safe_thread'
/Users/aayushpatel/.rbenv/versions/3.3.0/lib/ruby/3.3.0/socket.rb:1219:in `__connect_nonblock': Connection refused - connect(2) for 127.0.0.1:6379 (Errno::ECONNREFUSED)
	from /Users/aayushpatel/.rbenv/versions/3.3.0/lib/ruby/3.3.0/socket.rb:1219:in `connect_nonblock'
	from /Users/aayushpatel/.rbenv/versions/3.3.0/lib/ruby/3.3.0/socket.rb:60:in `connect_internal'
	from /Users/aayushpatel/.rbenv/versions/3.3.0/lib/ruby/3.3.0/socket.rb:141:in `connect'
	from /Users/aayushpatel/.rbenv/versions/3.3.0/lib/ruby/3.3.0/socket.rb:647:in `block in tcp'
	from /Users/aayushpatel/.rbenv/versions/3.3.0/lib/ruby/3.3.0/socket.rb:231:in `each'
	from /Users/aayushpatel/.rbenv/versions/3.3.0/lib/ruby/3.3.0/socket.rb:231:in `foreach'
	from /Users/aayushpatel/.rbenv/versions/3.3.0/lib/ruby/3.3.0/socket.rb:637:in `tcp'
	from /Users/aayushpatel/.rbenv/versions/3.3.0/lib/ruby/gems/3.3.0/gems/redis-client-0.25.0/lib/redis_client/ruby_connection.rb:120:in `connect'
	from /Users/aayushpatel/.rbenv/versions/3.3.0/lib/ruby/gems/3.3.0/gems/redis-client-0.25.0/lib/redis_client/connection_mixin.rb:11:in `reconnect'
	from /Users/aayushpatel/.rbenv/versions/3.3.0/lib/ruby/gems/3.3.0/gems/redis-client-0.25.0/lib/redis_client.rb:769:in `block in connect'
	from /Users/aayushpatel/.rbenv/versions/3.3.0/lib/ruby/gems/3.3.0/gems/redis-client-0.25.0/lib/redis_client/middlewares.rb:12:in `connect'
	from /Users/aayushpatel/.rbenv/versions/3.3.0/lib/ruby/gems/3.3.0/gems/redis-client-0.25.0/lib/redis_client.rb:768:in `connect'
	from /Users/aayushpatel/.rbenv/versions/3.3.0/lib/ruby/gems/3.3.0/gems/redis-client-0.25.0/lib/redis_client.rb:759:in `raw_connection'
	from /Users/aayushpatel/.rbenv/versions/3.3.0/lib/ruby/gems/3.3.0/gems/redis-client-0.25.0/lib/redis_client.rb:719:in `ensure_connected'
	from /Users/aayushpatel/.rbenv/versions/3.3.0/lib/ruby/gems/3.3.0/gems/redis-client-0.25.0/lib/redis_client.rb:360:in `blocking_call'
	from /Users/aayushpatel/.rbenv/versions/3.3.0/lib/ruby/gems/3.3.0/gems/redis-client-0.25.0/lib/redis_client/decorator.rb:26:in `blocking_call'
	from /Users/aayushpatel/.rbenv/versions/3.3.0/lib/ruby/gems/3.3.0/gems/sidekiq-8.0.5/lib/sidekiq/fetch.rb:47:in `block in retrieve_work'
	from /Users/aayushpatel/.rbenv/versions/3.3.0/lib/ruby/gems/3.3.0/gems/sidekiq-8.0.5/lib/sidekiq/capsule.rb:107:in `block in redis'
	from /Users/aayushpatel/.rbenv/versions/3.3.0/lib/ruby/gems/3.3.0/gems/connection_pool-2.5.3/lib/connection_pool.rb:110:in `block (2 levels) in with'
	from /Users/aayushpatel/.rbenv/versions/3.3.0/lib/ruby/gems/3.3.0/gems/connection_pool-2.5.3/lib/connection_pool.rb:109:in `handle_interrupt'
	from /Users/aayushpatel/.rbenv/versions/3.3.0/lib/ruby/gems/3.3.0/gems/connection_pool-2.5.3/lib/connection_pool.rb:109:in `block in with'
	from /Users/aayushpatel/.rbenv/versions/3.3.0/lib/ruby/gems/3.3.0/gems/connection_pool-2.5.3/lib/connection_pool.rb:106:in `handle_interrupt'
	from /Users/aayushpatel/.rbenv/versions/3.3.0/lib/ruby/gems/3.3.0/gems/connection_pool-2.5.3/lib/connection_pool.rb:106:in `with'
	from /Users/aayushpatel/.rbenv/versions/3.3.0/lib/ruby/gems/3.3.0/gems/sidekiq-8.0.5/lib/sidekiq/capsule.rb:104:in `redis'
	from /Users/aayushpatel/.rbenv/versions/3.3.0/lib/ruby/gems/3.3.0/gems/sidekiq-8.0.5/lib/sidekiq/component.rb:55:in `redis'
	from /Users/aayushpatel/.rbenv/versions/3.3.0/lib/ruby/gems/3.3.0/gems/sidekiq-8.0.5/lib/sidekiq/fetch.rb:47:in `retrieve_work'
	from /Users/aayushpatel/.rbenv/versions/3.3.0/lib/ruby/gems/3.3.0/gems/sidekiq-8.0.5/lib/sidekiq/processor.rb:92:in `get_one'
	from /Users/aayushpatel/.rbenv/versions/3.3.0/lib/ruby/gems/3.3.0/gems/sidekiq-8.0.5/lib/sidekiq/processor.rb:104:in `fetch'
	from /Users/aayushpatel/.rbenv/versions/3.3.0/lib/ruby/gems/3.3.0/gems/sidekiq-8.0.5/lib/sidekiq/processor.rb:86:in `process_one'
	from /Users/aayushpatel/.rbenv/versions/3.3.0/lib/ruby/gems/3.3.0/gems/sidekiq-8.0.5/lib/sidekiq/processor.rb:77:in `run'
	from /Users/aayushpatel/.rbenv/versions/3.3.0/lib/ruby/gems/3.3.0/gems/sidekiq-8.0.5/lib/sidekiq/component.rb:37:in `watchdog'
	from /Users/aayushpatel/.rbenv/versions/3.3.0/lib/ruby/gems/3.3.0/gems/sidekiq-8.0.5/lib/sidekiq/component.rb:46:in `block in safe_thread'

[1;34mINFO [0m 2025-07-16T07:12:07.777Z pid=13811 tid=1xr: /Users/aayushpatel/.rbenv/versions/3.3.0/lib/ruby/3.3.0/socket.rb:1219:in `__connect_nonblock': Connection refused - connect(2) for 127.0.0.1:6379 (redis://localhost:6379) (RedisClient::CannotConnectError)
	from /Users/aayushpatel/.rbenv/versions/3.3.0/lib/ruby/3.3.0/socket.rb:1219:in `connect_nonblock'
	from /Users/aayushpatel/.rbenv/versions/3.3.0/lib/ruby/3.3.0/socket.rb:60:in `connect_internal'
	from /Users/aayushpatel/.rbenv/versions/3.3.0/lib/ruby/3.3.0/socket.rb:141:in `connect'
	from /Users/aayushpatel/.rbenv/versions/3.3.0/lib/ruby/3.3.0/socket.rb:647:in `block in tcp'
	from /Users/aayushpatel/.rbenv/versions/3.3.0/lib/ruby/3.3.0/socket.rb:231:in `each'
	from /Users/aayushpatel/.rbenv/versions/3.3.0/lib/ruby/3.3.0/socket.rb:231:in `foreach'
	from /Users/aayushpatel/.rbenv/versions/3.3.0/lib/ruby/3.3.0/socket.rb:637:in `tcp'
	from /Users/aayushpatel/.rbenv/versions/3.3.0/lib/ruby/gems/3.3.0/gems/redis-client-0.25.0/lib/redis_client/ruby_connection.rb:120:in `connect'
	from /Users/aayushpatel/.rbenv/versions/3.3.0/lib/ruby/gems/3.3.0/gems/redis-client-0.25.0/lib/redis_client/connection_mixin.rb:11:in `reconnect'
	from /Users/aayushpatel/.rbenv/versions/3.3.0/lib/ruby/gems/3.3.0/gems/redis-client-0.25.0/lib/redis_client.rb:769:in `block in connect'
	from /Users/aayushpatel/.rbenv/versions/3.3.0/lib/ruby/gems/3.3.0/gems/redis-client-0.25.0/lib/redis_client/middlewares.rb:12:in `connect'
	from /Users/aayushpatel/.rbenv/versions/3.3.0/lib/ruby/gems/3.3.0/gems/redis-client-0.25.0/lib/redis_client.rb:768:in `connect'
	from /Users/aayushpatel/.rbenv/versions/3.3.0/lib/ruby/gems/3.3.0/gems/redis-client-0.25.0/lib/redis_client.rb:759:in `raw_connection'
	from /Users/aayushpatel/.rbenv/versions/3.3.0/lib/ruby/gems/3.3.0/gems/redis-client-0.25.0/lib/redis_client.rb:719:in `ensure_connected'
	from /Users/aayushpatel/.rbenv/versions/3.3.0/lib/ruby/gems/3.3.0/gems/redis-client-0.25.0/lib/redis_client.rb:360:in `blocking_call'
	from /Users/aayushpatel/.rbenv/versions/3.3.0/lib/ruby/gems/3.3.0/gems/redis-client-0.25.0/lib/redis_client/decorator.rb:26:in `blocking_call'
	from /Users/aayushpatel/.rbenv/versions/3.3.0/lib/ruby/gems/3.3.0/gems/sidekiq-8.0.5/lib/sidekiq/fetch.rb:47:in `block in retrieve_work'
	from /Users/aayushpatel/.rbenv/versions/3.3.0/lib/ruby/gems/3.3.0/gems/sidekiq-8.0.5/lib/sidekiq/capsule.rb:107:in `block in redis'
	from /Users/aayushpatel/.rbenv/versions/3.3.0/lib/ruby/gems/3.3.0/gems/connection_pool-2.5.3/lib/connection_pool.rb:110:in `block (2 levels) in with'
	from /Users/aayushpatel/.rbenv/versions/3.3.0/lib/ruby/gems/3.3.0/gems/connection_pool-2.5.3/lib/connection_pool.rb:109:in `handle_interrupt'
	from /Users/aayushpatel/.rbenv/versions/3.3.0/lib/ruby/gems/3.3.0/gems/connection_pool-2.5.3/lib/connection_pool.rb:109:in `block in with'
	from /Users/aayushpatel/.rbenv/versions/3.3.0/lib/ruby/gems/3.3.0/gems/connection_pool-2.5.3/lib/connection_pool.rb:106:in `handle_interrupt'
	from /Users/aayushpatel/.rbenv/versions/3.3.0/lib/ruby/gems/3.3.0/gems/connection_pool-2.5.3/lib/connection_pool.rb:106:in `with'
	from /Users/aayushpatel/.rbenv/versions/3.3.0/lib/ruby/gems/3.3.0/gems/sidekiq-8.0.5/lib/sidekiq/capsule.rb:104:in `redis'
	from /Users/aayushpatel/.rbenv/versions/3.3.0/lib/ruby/gems/3.3.0/gems/sidekiq-8.0.5/lib/sidekiq/component.rb:55:in `redis'
	from /Users/aayushpatel/.rbenv/versions/3.3.0/lib/ruby/gems/3.3.0/gems/sidekiq-8.0.5/lib/sidekiq/fetch.rb:47:in `retrieve_work'
	from /Users/aayushpatel/.rbenv/versions/3.3.0/lib/ruby/gems/3.3.0/gems/sidekiq-8.0.5/lib/sidekiq/processor.rb:92:in `get_one'
	from /Users/aayushpatel/.rbenv/versions/3.3.0/lib/ruby/gems/3.3.0/gems/sidekiq-8.0.5/lib/sidekiq/processor.rb:104:in `fetch'
	from /Users/aayushpatel/.rbenv/versions/3.3.0/lib/ruby/gems/3.3.0/gems/sidekiq-8.0.5/lib/sidekiq/processor.rb:86:in `process_one'
	from /Users/aayushpatel/.rbenv/versions/3.3.0/lib/ruby/gems/3.3.0/gems/sidekiq-8.0.5/lib/sidekiq/processor.rb:77:in `run'
	from /Users/aayushpatel/.rbenv/versions/3.3.0/lib/ruby/gems/3.3.0/gems/sidekiq-8.0.5/lib/sidekiq/component.rb:37:in `watchdog'
	from /Users/aayushpatel/.rbenv/versions/3.3.0/lib/ruby/gems/3.3.0/gems/sidekiq-8.0.5/lib/sidekiq/component.rb:46:in `block in safe_thread'
/Users/aayushpatel/.rbenv/versions/3.3.0/lib/ruby/3.3.0/socket.rb:1219:in `__connect_nonblock': Connection refused - connect(2) for 127.0.0.1:6379 (Errno::ECONNREFUSED)
	from /Users/aayushpatel/.rbenv/versions/3.3.0/lib/ruby/3.3.0/socket.rb:1219:in `connect_nonblock'
	from /Users/aayushpatel/.rbenv/versions/3.3.0/lib/ruby/3.3.0/socket.rb:60:in `connect_internal'
	from /Users/aayushpatel/.rbenv/versions/3.3.0/lib/ruby/3.3.0/socket.rb:141:in `connect'
	from /Users/aayushpatel/.rbenv/versions/3.3.0/lib/ruby/3.3.0/socket.rb:647:in `block in tcp'
	from /Users/aayushpatel/.rbenv/versions/3.3.0/lib/ruby/3.3.0/socket.rb:231:in `each'
	from /Users/aayushpatel/.rbenv/versions/3.3.0/lib/ruby/3.3.0/socket.rb:231:in `foreach'
	from /Users/aayushpatel/.rbenv/versions/3.3.0/lib/ruby/3.3.0/socket.rb:637:in `tcp'
	from /Users/aayushpatel/.rbenv/versions/3.3.0/lib/ruby/gems/3.3.0/gems/redis-client-0.25.0/lib/redis_client/ruby_connection.rb:120:in `connect'
	from /Users/aayushpatel/.rbenv/versions/3.3.0/lib/ruby/gems/3.3.0/gems/redis-client-0.25.0/lib/redis_client/connection_mixin.rb:11:in `reconnect'
	from /Users/aayushpatel/.rbenv/versions/3.3.0/lib/ruby/gems/3.3.0/gems/redis-client-0.25.0/lib/redis_client.rb:769:in `block in connect'
	from /Users/aayushpatel/.rbenv/versions/3.3.0/lib/ruby/gems/3.3.0/gems/redis-client-0.25.0/lib/redis_client/middlewares.rb:12:in `connect'
	from /Users/aayushpatel/.rbenv/versions/3.3.0/lib/ruby/gems/3.3.0/gems/redis-client-0.25.0/lib/redis_client.rb:768:in `connect'
	from /Users/aayushpatel/.rbenv/versions/3.3.0/lib/ruby/gems/3.3.0/gems/redis-client-0.25.0/lib/redis_client.rb:759:in `raw_connection'
	from /Users/aayushpatel/.rbenv/versions/3.3.0/lib/ruby/gems/3.3.0/gems/redis-client-0.25.0/lib/redis_client.rb:719:in `ensure_connected'
	from /Users/aayushpatel/.rbenv/versions/3.3.0/lib/ruby/gems/3.3.0/gems/redis-client-0.25.0/lib/redis_client.rb:360:in `blocking_call'
	from /Users/aayushpatel/.rbenv/versions/3.3.0/lib/ruby/gems/3.3.0/gems/redis-client-0.25.0/lib/redis_client/decorator.rb:26:in `blocking_call'
	from /Users/aayushpatel/.rbenv/versions/3.3.0/lib/ruby/gems/3.3.0/gems/sidekiq-8.0.5/lib/sidekiq/fetch.rb:47:in `block in retrieve_work'
	from /Users/aayushpatel/.rbenv/versions/3.3.0/lib/ruby/gems/3.3.0/gems/sidekiq-8.0.5/lib/sidekiq/capsule.rb:107:in `block in redis'
	from /Users/aayushpatel/.rbenv/versions/3.3.0/lib/ruby/gems/3.3.0/gems/connection_pool-2.5.3/lib/connection_pool.rb:110:in `block (2 levels) in with'
	from /Users/aayushpatel/.rbenv/versions/3.3.0/lib/ruby/gems/3.3.0/gems/connection_pool-2.5.3/lib/connection_pool.rb:109:in `handle_interrupt'
	from /Users/aayushpatel/.rbenv/versions/3.3.0/lib/ruby/gems/3.3.0/gems/connection_pool-2.5.3/lib/connection_pool.rb:109:in `block in with'
	from /Users/aayushpatel/.rbenv/versions/3.3.0/lib/ruby/gems/3.3.0/gems/connection_pool-2.5.3/lib/connection_pool.rb:106:in `handle_interrupt'
	from /Users/aayushpatel/.rbenv/versions/3.3.0/lib/ruby/gems/3.3.0/gems/connection_pool-2.5.3/lib/connection_pool.rb:106:in `with'
	from /Users/aayushpatel/.rbenv/versions/3.3.0/lib/ruby/gems/3.3.0/gems/sidekiq-8.0.5/lib/sidekiq/capsule.rb:104:in `redis'
	from /Users/aayushpatel/.rbenv/versions/3.3.0/lib/ruby/gems/3.3.0/gems/sidekiq-8.0.5/lib/sidekiq/component.rb:55:in `redis'
	from /Users/aayushpatel/.rbenv/versions/3.3.0/lib/ruby/gems/3.3.0/gems/sidekiq-8.0.5/lib/sidekiq/fetch.rb:47:in `retrieve_work'
	from /Users/aayushpatel/.rbenv/versions/3.3.0/lib/ruby/gems/3.3.0/gems/sidekiq-8.0.5/lib/sidekiq/processor.rb:92:in `get_one'
	from /Users/aayushpatel/.rbenv/versions/3.3.0/lib/ruby/gems/3.3.0/gems/sidekiq-8.0.5/lib/sidekiq/processor.rb:104:in `fetch'
	from /Users/aayushpatel/.rbenv/versions/3.3.0/lib/ruby/gems/3.3.0/gems/sidekiq-8.0.5/lib/sidekiq/processor.rb:86:in `process_one'
	from /Users/aayushpatel/.rbenv/versions/3.3.0/lib/ruby/gems/3.3.0/gems/sidekiq-8.0.5/lib/sidekiq/processor.rb:77:in `run'
	from /Users/aayushpatel/.rbenv/versions/3.3.0/lib/ruby/gems/3.3.0/gems/sidekiq-8.0.5/lib/sidekiq/component.rb:37:in `watchdog'
	from /Users/aayushpatel/.rbenv/versions/3.3.0/lib/ruby/gems/3.3.0/gems/sidekiq-8.0.5/lib/sidekiq/component.rb:46:in `block in safe_thread'

[1;34mINFO [0m 2025-07-16T07:12:07.777Z pid=13811 tid=1w7: /Users/aayushpatel/.rbenv/versions/3.3.0/lib/ruby/3.3.0/socket.rb:1219:in `__connect_nonblock': Connection refused - connect(2) for 127.0.0.1:6379 (redis://localhost:6379) (RedisClient::CannotConnectError)
	from /Users/aayushpatel/.rbenv/versions/3.3.0/lib/ruby/3.3.0/socket.rb:1219:in `connect_nonblock'
	from /Users/aayushpatel/.rbenv/versions/3.3.0/lib/ruby/3.3.0/socket.rb:60:in `connect_internal'
	from /Users/aayushpatel/.rbenv/versions/3.3.0/lib/ruby/3.3.0/socket.rb:141:in `connect'
	from /Users/aayushpatel/.rbenv/versions/3.3.0/lib/ruby/3.3.0/socket.rb:647:in `block in tcp'
	from /Users/aayushpatel/.rbenv/versions/3.3.0/lib/ruby/3.3.0/socket.rb:231:in `each'
	from /Users/aayushpatel/.rbenv/versions/3.3.0/lib/ruby/3.3.0/socket.rb:231:in `foreach'
	from /Users/aayushpatel/.rbenv/versions/3.3.0/lib/ruby/3.3.0/socket.rb:637:in `tcp'
	from /Users/aayushpatel/.rbenv/versions/3.3.0/lib/ruby/gems/3.3.0/gems/redis-client-0.25.0/lib/redis_client/ruby_connection.rb:120:in `connect'
	from /Users/aayushpatel/.rbenv/versions/3.3.0/lib/ruby/gems/3.3.0/gems/redis-client-0.25.0/lib/redis_client/connection_mixin.rb:11:in `reconnect'
	from /Users/aayushpatel/.rbenv/versions/3.3.0/lib/ruby/gems/3.3.0/gems/redis-client-0.25.0/lib/redis_client.rb:769:in `block in connect'
	from /Users/aayushpatel/.rbenv/versions/3.3.0/lib/ruby/gems/3.3.0/gems/redis-client-0.25.0/lib/redis_client/middlewares.rb:12:in `connect'
	from /Users/aayushpatel/.rbenv/versions/3.3.0/lib/ruby/gems/3.3.0/gems/redis-client-0.25.0/lib/redis_client.rb:768:in `connect'
	from /Users/aayushpatel/.rbenv/versions/3.3.0/lib/ruby/gems/3.3.0/gems/redis-client-0.25.0/lib/redis_client.rb:759:in `raw_connection'
	from /Users/aayushpatel/.rbenv/versions/3.3.0/lib/ruby/gems/3.3.0/gems/redis-client-0.25.0/lib/redis_client.rb:719:in `ensure_connected'
	from /Users/aayushpatel/.rbenv/versions/3.3.0/lib/ruby/gems/3.3.0/gems/redis-client-0.25.0/lib/redis_client.rb:360:in `blocking_call'
	from /Users/aayushpatel/.rbenv/versions/3.3.0/lib/ruby/gems/3.3.0/gems/redis-client-0.25.0/lib/redis_client/decorator.rb:26:in `blocking_call'
	from /Users/aayushpatel/.rbenv/versions/3.3.0/lib/ruby/gems/3.3.0/gems/sidekiq-8.0.5/lib/sidekiq/fetch.rb:47:in `block in retrieve_work'
	from /Users/aayushpatel/.rbenv/versions/3.3.0/lib/ruby/gems/3.3.0/gems/sidekiq-8.0.5/lib/sidekiq/capsule.rb:107:in `block in redis'
	from /Users/aayushpatel/.rbenv/versions/3.3.0/lib/ruby/gems/3.3.0/gems/connection_pool-2.5.3/lib/connection_pool.rb:110:in `block (2 levels) in with'
	from /Users/aayushpatel/.rbenv/versions/3.3.0/lib/ruby/gems/3.3.0/gems/connection_pool-2.5.3/lib/connection_pool.rb:109:in `handle_interrupt'
	from /Users/aayushpatel/.rbenv/versions/3.3.0/lib/ruby/gems/3.3.0/gems/connection_pool-2.5.3/lib/connection_pool.rb:109:in `block in with'
	from /Users/aayushpatel/.rbenv/versions/3.3.0/lib/ruby/gems/3.3.0/gems/connection_pool-2.5.3/lib/connection_pool.rb:106:in `handle_interrupt'
	from /Users/aayushpatel/.rbenv/versions/3.3.0/lib/ruby/gems/3.3.0/gems/connection_pool-2.5.3/lib/connection_pool.rb:106:in `with'
	from /Users/aayushpatel/.rbenv/versions/3.3.0/lib/ruby/gems/3.3.0/gems/sidekiq-8.0.5/lib/sidekiq/capsule.rb:104:in `redis'
	from /Users/aayushpatel/.rbenv/versions/3.3.0/lib/ruby/gems/3.3.0/gems/sidekiq-8.0.5/lib/sidekiq/component.rb:55:in `redis'
	from /Users/aayushpatel/.rbenv/versions/3.3.0/lib/ruby/gems/3.3.0/gems/sidekiq-8.0.5/lib/sidekiq/fetch.rb:47:in `retrieve_work'
	from /Users/aayushpatel/.rbenv/versions/3.3.0/lib/ruby/gems/3.3.0/gems/sidekiq-8.0.5/lib/sidekiq/processor.rb:92:in `get_one'
	from /Users/aayushpatel/.rbenv/versions/3.3.0/lib/ruby/gems/3.3.0/gems/sidekiq-8.0.5/lib/sidekiq/processor.rb:104:in `fetch'
	from /Users/aayushpatel/.rbenv/versions/3.3.0/lib/ruby/gems/3.3.0/gems/sidekiq-8.0.5/lib/sidekiq/processor.rb:86:in `process_one'
	from /Users/aayushpatel/.rbenv/versions/3.3.0/lib/ruby/gems/3.3.0/gems/sidekiq-8.0.5/lib/sidekiq/processor.rb:77:in `run'
	from /Users/aayushpatel/.rbenv/versions/3.3.0/lib/ruby/gems/3.3.0/gems/sidekiq-8.0.5/lib/sidekiq/component.rb:37:in `watchdog'
	from /Users/aayushpatel/.rbenv/versions/3.3.0/lib/ruby/gems/3.3.0/gems/sidekiq-8.0.5/lib/sidekiq/component.rb:46:in `block in safe_thread'
/Users/aayushpatel/.rbenv/versions/3.3.0/lib/ruby/3.3.0/socket.rb:1219:in `__connect_nonblock': Connection refused - connect(2) for 127.0.0.1:6379 (Errno::ECONNREFUSED)
	from /Users/aayushpatel/.rbenv/versions/3.3.0/lib/ruby/3.3.0/socket.rb:1219:in `connect_nonblock'
	from /Users/aayushpatel/.rbenv/versions/3.3.0/lib/ruby/3.3.0/socket.rb:60:in `connect_internal'
	from /Users/aayushpatel/.rbenv/versions/3.3.0/lib/ruby/3.3.0/socket.rb:141:in `connect'
	from /Users/aayushpatel/.rbenv/versions/3.3.0/lib/ruby/3.3.0/socket.rb:647:in `block in tcp'
	from /Users/aayushpatel/.rbenv/versions/3.3.0/lib/ruby/3.3.0/socket.rb:231:in `each'
	from /Users/aayushpatel/.rbenv/versions/3.3.0/lib/ruby/3.3.0/socket.rb:231:in `foreach'
	from /Users/aayushpatel/.rbenv/versions/3.3.0/lib/ruby/3.3.0/socket.rb:637:in `tcp'
	from /Users/aayushpatel/.rbenv/versions/3.3.0/lib/ruby/gems/3.3.0/gems/redis-client-0.25.0/lib/redis_client/ruby_connection.rb:120:in `connect'
	from /Users/aayushpatel/.rbenv/versions/3.3.0/lib/ruby/gems/3.3.0/gems/redis-client-0.25.0/lib/redis_client/connection_mixin.rb:11:in `reconnect'
	from /Users/aayushpatel/.rbenv/versions/3.3.0/lib/ruby/gems/3.3.0/gems/redis-client-0.25.0/lib/redis_client.rb:769:in `block in connect'
	from /Users/aayushpatel/.rbenv/versions/3.3.0/lib/ruby/gems/3.3.0/gems/redis-client-0.25.0/lib/redis_client/middlewares.rb:12:in `connect'
	from /Users/aayushpatel/.rbenv/versions/3.3.0/lib/ruby/gems/3.3.0/gems/redis-client-0.25.0/lib/redis_client.rb:768:in `connect'
	from /Users/aayushpatel/.rbenv/versions/3.3.0/lib/ruby/gems/3.3.0/gems/redis-client-0.25.0/lib/redis_client.rb:759:in `raw_connection'
	from /Users/aayushpatel/.rbenv/versions/3.3.0/lib/ruby/gems/3.3.0/gems/redis-client-0.25.0/lib/redis_client.rb:719:in `ensure_connected'
	from /Users/aayushpatel/.rbenv/versions/3.3.0/lib/ruby/gems/3.3.0/gems/redis-client-0.25.0/lib/redis_client.rb:360:in `blocking_call'
	from /Users/aayushpatel/.rbenv/versions/3.3.0/lib/ruby/gems/3.3.0/gems/redis-client-0.25.0/lib/redis_client/decorator.rb:26:in `blocking_call'
	from /Users/aayushpatel/.rbenv/versions/3.3.0/lib/ruby/gems/3.3.0/gems/sidekiq-8.0.5/lib/sidekiq/fetch.rb:47:in `block in retrieve_work'
	from /Users/aayushpatel/.rbenv/versions/3.3.0/lib/ruby/gems/3.3.0/gems/sidekiq-8.0.5/lib/sidekiq/capsule.rb:107:in `block in redis'
	from /Users/aayushpatel/.rbenv/versions/3.3.0/lib/ruby/gems/3.3.0/gems/connection_pool-2.5.3/lib/connection_pool.rb:110:in `block (2 levels) in with'
	from /Users/aayushpatel/.rbenv/versions/3.3.0/lib/ruby/gems/3.3.0/gems/connection_pool-2.5.3/lib/connection_pool.rb:109:in `handle_interrupt'
	from /Users/aayushpatel/.rbenv/versions/3.3.0/lib/ruby/gems/3.3.0/gems/connection_pool-2.5.3/lib/connection_pool.rb:109:in `block in with'
	from /Users/aayushpatel/.rbenv/versions/3.3.0/lib/ruby/gems/3.3.0/gems/connection_pool-2.5.3/lib/connection_pool.rb:106:in `handle_interrupt'
	from /Users/aayushpatel/.rbenv/versions/3.3.0/lib/ruby/gems/3.3.0/gems/connection_pool-2.5.3/lib/connection_pool.rb:106:in `with'
	from /Users/aayushpatel/.rbenv/versions/3.3.0/lib/ruby/gems/3.3.0/gems/sidekiq-8.0.5/lib/sidekiq/capsule.rb:104:in `redis'
	from /Users/aayushpatel/.rbenv/versions/3.3.0/lib/ruby/gems/3.3.0/gems/sidekiq-8.0.5/lib/sidekiq/component.rb:55:in `redis'
	from /Users/aayushpatel/.rbenv/versions/3.3.0/lib/ruby/gems/3.3.0/gems/sidekiq-8.0.5/lib/sidekiq/fetch.rb:47:in `retrieve_work'
	from /Users/aayushpatel/.rbenv/versions/3.3.0/lib/ruby/gems/3.3.0/gems/sidekiq-8.0.5/lib/sidekiq/processor.rb:92:in `get_one'
	from /Users/aayushpatel/.rbenv/versions/3.3.0/lib/ruby/gems/3.3.0/gems/sidekiq-8.0.5/lib/sidekiq/processor.rb:104:in `fetch'
	from /Users/aayushpatel/.rbenv/versions/3.3.0/lib/ruby/gems/3.3.0/gems/sidekiq-8.0.5/lib/sidekiq/processor.rb:86:in `process_one'
	from /Users/aayushpatel/.rbenv/versions/3.3.0/lib/ruby/gems/3.3.0/gems/sidekiq-8.0.5/lib/sidekiq/processor.rb:77:in `run'
	from /Users/aayushpatel/.rbenv/versions/3.3.0/lib/ruby/gems/3.3.0/gems/sidekiq-8.0.5/lib/sidekiq/component.rb:37:in `watchdog'
	from /Users/aayushpatel/.rbenv/versions/3.3.0/lib/ruby/gems/3.3.0/gems/sidekiq-8.0.5/lib/sidekiq/component.rb:46:in `block in safe_thread'

[1;34mINFO [0m 2025-07-16T07:12:07.777Z pid=13811 tid=1wj: /Users/aayushpatel/.rbenv/versions/3.3.0/lib/ruby/3.3.0/socket.rb:1219:in `__connect_nonblock': Connection refused - connect(2) for 127.0.0.1:6379 (redis://localhost:6379) (RedisClient::CannotConnectError)
	from /Users/aayushpatel/.rbenv/versions/3.3.0/lib/ruby/3.3.0/socket.rb:1219:in `connect_nonblock'
	from /Users/aayushpatel/.rbenv/versions/3.3.0/lib/ruby/3.3.0/socket.rb:60:in `connect_internal'
	from /Users/aayushpatel/.rbenv/versions/3.3.0/lib/ruby/3.3.0/socket.rb:141:in `connect'
	from /Users/aayushpatel/.rbenv/versions/3.3.0/lib/ruby/3.3.0/socket.rb:647:in `block in tcp'
	from /Users/aayushpatel/.rbenv/versions/3.3.0/lib/ruby/3.3.0/socket.rb:231:in `each'
	from /Users/aayushpatel/.rbenv/versions/3.3.0/lib/ruby/3.3.0/socket.rb:231:in `foreach'
	from /Users/aayushpatel/.rbenv/versions/3.3.0/lib/ruby/3.3.0/socket.rb:637:in `tcp'
	from /Users/aayushpatel/.rbenv/versions/3.3.0/lib/ruby/gems/3.3.0/gems/redis-client-0.25.0/lib/redis_client/ruby_connection.rb:120:in `connect'
	from /Users/aayushpatel/.rbenv/versions/3.3.0/lib/ruby/gems/3.3.0/gems/redis-client-0.25.0/lib/redis_client/connection_mixin.rb:11:in `reconnect'
	from /Users/aayushpatel/.rbenv/versions/3.3.0/lib/ruby/gems/3.3.0/gems/redis-client-0.25.0/lib/redis_client.rb:769:in `block in connect'
	from /Users/aayushpatel/.rbenv/versions/3.3.0/lib/ruby/gems/3.3.0/gems/redis-client-0.25.0/lib/redis_client/middlewares.rb:12:in `connect'
	from /Users/aayushpatel/.rbenv/versions/3.3.0/lib/ruby/gems/3.3.0/gems/redis-client-0.25.0/lib/redis_client.rb:768:in `connect'
	from /Users/aayushpatel/.rbenv/versions/3.3.0/lib/ruby/gems/3.3.0/gems/redis-client-0.25.0/lib/redis_client.rb:759:in `raw_connection'
	from /Users/aayushpatel/.rbenv/versions/3.3.0/lib/ruby/gems/3.3.0/gems/redis-client-0.25.0/lib/redis_client.rb:719:in `ensure_connected'
	from /Users/aayushpatel/.rbenv/versions/3.3.0/lib/ruby/gems/3.3.0/gems/redis-client-0.25.0/lib/redis_client.rb:360:in `blocking_call'
	from /Users/aayushpatel/.rbenv/versions/3.3.0/lib/ruby/gems/3.3.0/gems/redis-client-0.25.0/lib/redis_client/decorator.rb:26:in `blocking_call'
	from /Users/aayushpatel/.rbenv/versions/3.3.0/lib/ruby/gems/3.3.0/gems/sidekiq-8.0.5/lib/sidekiq/fetch.rb:47:in `block in retrieve_work'
	from /Users/aayushpatel/.rbenv/versions/3.3.0/lib/ruby/gems/3.3.0/gems/sidekiq-8.0.5/lib/sidekiq/capsule.rb:107:in `block in redis'
	from /Users/aayushpatel/.rbenv/versions/3.3.0/lib/ruby/gems/3.3.0/gems/connection_pool-2.5.3/lib/connection_pool.rb:110:in `block (2 levels) in with'
	from /Users/aayushpatel/.rbenv/versions/3.3.0/lib/ruby/gems/3.3.0/gems/connection_pool-2.5.3/lib/connection_pool.rb:109:in `handle_interrupt'
	from /Users/aayushpatel/.rbenv/versions/3.3.0/lib/ruby/gems/3.3.0/gems/connection_pool-2.5.3/lib/connection_pool.rb:109:in `block in with'
	from /Users/aayushpatel/.rbenv/versions/3.3.0/lib/ruby/gems/3.3.0/gems/connection_pool-2.5.3/lib/connection_pool.rb:106:in `handle_interrupt'
	from /Users/aayushpatel/.rbenv/versions/3.3.0/lib/ruby/gems/3.3.0/gems/connection_pool-2.5.3/lib/connection_pool.rb:106:in `with'
	from /Users/aayushpatel/.rbenv/versions/3.3.0/lib/ruby/gems/3.3.0/gems/sidekiq-8.0.5/lib/sidekiq/capsule.rb:104:in `redis'
	from /Users/aayushpatel/.rbenv/versions/3.3.0/lib/ruby/gems/3.3.0/gems/sidekiq-8.0.5/lib/sidekiq/component.rb:55:in `redis'
	from /Users/aayushpatel/.rbenv/versions/3.3.0/lib/ruby/gems/3.3.0/gems/sidekiq-8.0.5/lib/sidekiq/fetch.rb:47:in `retrieve_work'
	from /Users/aayushpatel/.rbenv/versions/3.3.0/lib/ruby/gems/3.3.0/gems/sidekiq-8.0.5/lib/sidekiq/processor.rb:92:in `get_one'
	from /Users/aayushpatel/.rbenv/versions/3.3.0/lib/ruby/gems/3.3.0/gems/sidekiq-8.0.5/lib/sidekiq/processor.rb:104:in `fetch'
	from /Users/aayushpatel/.rbenv/versions/3.3.0/lib/ruby/gems/3.3.0/gems/sidekiq-8.0.5/lib/sidekiq/processor.rb:86:in `process_one'
	from /Users/aayushpatel/.rbenv/versions/3.3.0/lib/ruby/gems/3.3.0/gems/sidekiq-8.0.5/lib/sidekiq/processor.rb:77:in `run'
	from /Users/aayushpatel/.rbenv/versions/3.3.0/lib/ruby/gems/3.3.0/gems/sidekiq-8.0.5/lib/sidekiq/component.rb:37:in `watchdog'
	from /Users/aayushpatel/.rbenv/versions/3.3.0/lib/ruby/gems/3.3.0/gems/sidekiq-8.0.5/lib/sidekiq/component.rb:46:in `block in safe_thread'
/Users/aayushpatel/.rbenv/versions/3.3.0/lib/ruby/3.3.0/socket.rb:1219:in `__connect_nonblock': Connection refused - connect(2) for 127.0.0.1:6379 (Errno::ECONNREFUSED)
	from /Users/aayushpatel/.rbenv/versions/3.3.0/lib/ruby/3.3.0/socket.rb:1219:in `connect_nonblock'
	from /Users/aayushpatel/.rbenv/versions/3.3.0/lib/ruby/3.3.0/socket.rb:60:in `connect_internal'
	from /Users/aayushpatel/.rbenv/versions/3.3.0/lib/ruby/3.3.0/socket.rb:141:in `connect'
	from /Users/aayushpatel/.rbenv/versions/3.3.0/lib/ruby/3.3.0/socket.rb:647:in `block in tcp'
	from /Users/aayushpatel/.rbenv/versions/3.3.0/lib/ruby/3.3.0/socket.rb:231:in `each'
	from /Users/aayushpatel/.rbenv/versions/3.3.0/lib/ruby/3.3.0/socket.rb:231:in `foreach'
	from /Users/aayushpatel/.rbenv/versions/3.3.0/lib/ruby/3.3.0/socket.rb:637:in `tcp'
	from /Users/aayushpatel/.rbenv/versions/3.3.0/lib/ruby/gems/3.3.0/gems/redis-client-0.25.0/lib/redis_client/ruby_connection.rb:120:in `connect'
	from /Users/aayushpatel/.rbenv/versions/3.3.0/lib/ruby/gems/3.3.0/gems/redis-client-0.25.0/lib/redis_client/connection_mixin.rb:11:in `reconnect'
	from /Users/aayushpatel/.rbenv/versions/3.3.0/lib/ruby/gems/3.3.0/gems/redis-client-0.25.0/lib/redis_client.rb:769:in `block in connect'
	from /Users/aayushpatel/.rbenv/versions/3.3.0/lib/ruby/gems/3.3.0/gems/redis-client-0.25.0/lib/redis_client/middlewares.rb:12:in `connect'
	from /Users/aayushpatel/.rbenv/versions/3.3.0/lib/ruby/gems/3.3.0/gems/redis-client-0.25.0/lib/redis_client.rb:768:in `connect'
	from /Users/aayushpatel/.rbenv/versions/3.3.0/lib/ruby/gems/3.3.0/gems/redis-client-0.25.0/lib/redis_client.rb:759:in `raw_connection'
	from /Users/aayushpatel/.rbenv/versions/3.3.0/lib/ruby/gems/3.3.0/gems/redis-client-0.25.0/lib/redis_client.rb:719:in `ensure_connected'
	from /Users/aayushpatel/.rbenv/versions/3.3.0/lib/ruby/gems/3.3.0/gems/redis-client-0.25.0/lib/redis_client.rb:360:in `blocking_call'
	from /Users/aayushpatel/.rbenv/versions/3.3.0/lib/ruby/gems/3.3.0/gems/redis-client-0.25.0/lib/redis_client/decorator.rb:26:in `blocking_call'
	from /Users/aayushpatel/.rbenv/versions/3.3.0/lib/ruby/gems/3.3.0/gems/sidekiq-8.0.5/lib/sidekiq/fetch.rb:47:in `block in retrieve_work'
	from /Users/aayushpatel/.rbenv/versions/3.3.0/lib/ruby/gems/3.3.0/gems/sidekiq-8.0.5/lib/sidekiq/capsule.rb:107:in `block in redis'
	from /Users/aayushpatel/.rbenv/versions/3.3.0/lib/ruby/gems/3.3.0/gems/connection_pool-2.5.3/lib/connection_pool.rb:110:in `block (2 levels) in with'
	from /Users/aayushpatel/.rbenv/versions/3.3.0/lib/ruby/gems/3.3.0/gems/connection_pool-2.5.3/lib/connection_pool.rb:109:in `handle_interrupt'
	from /Users/aayushpatel/.rbenv/versions/3.3.0/lib/ruby/gems/3.3.0/gems/connection_pool-2.5.3/lib/connection_pool.rb:109:in `block in with'
	from /Users/aayushpatel/.rbenv/versions/3.3.0/lib/ruby/gems/3.3.0/gems/connection_pool-2.5.3/lib/connection_pool.rb:106:in `handle_interrupt'
	from /Users/aayushpatel/.rbenv/versions/3.3.0/lib/ruby/gems/3.3.0/gems/connection_pool-2.5.3/lib/connection_pool.rb:106:in `with'
	from /Users/aayushpatel/.rbenv/versions/3.3.0/lib/ruby/gems/3.3.0/gems/sidekiq-8.0.5/lib/sidekiq/capsule.rb:104:in `redis'
	from /Users/aayushpatel/.rbenv/versions/3.3.0/lib/ruby/gems/3.3.0/gems/sidekiq-8.0.5/lib/sidekiq/component.rb:55:in `redis'
	from /Users/aayushpatel/.rbenv/versions/3.3.0/lib/ruby/gems/3.3.0/gems/sidekiq-8.0.5/lib/sidekiq/fetch.rb:47:in `retrieve_work'
	from /Users/aayushpatel/.rbenv/versions/3.3.0/lib/ruby/gems/3.3.0/gems/sidekiq-8.0.5/lib/sidekiq/processor.rb:92:in `get_one'
	from /Users/aayushpatel/.rbenv/versions/3.3.0/lib/ruby/gems/3.3.0/gems/sidekiq-8.0.5/lib/sidekiq/processor.rb:104:in `fetch'
	from /Users/aayushpatel/.rbenv/versions/3.3.0/lib/ruby/gems/3.3.0/gems/sidekiq-8.0.5/lib/sidekiq/processor.rb:86:in `process_one'
	from /Users/aayushpatel/.rbenv/versions/3.3.0/lib/ruby/gems/3.3.0/gems/sidekiq-8.0.5/lib/sidekiq/processor.rb:77:in `run'
	from /Users/aayushpatel/.rbenv/versions/3.3.0/lib/ruby/gems/3.3.0/gems/sidekiq-8.0.5/lib/sidekiq/component.rb:37:in `watchdog'
	from /Users/aayushpatel/.rbenv/versions/3.3.0/lib/ruby/gems/3.3.0/gems/sidekiq-8.0.5/lib/sidekiq/component.rb:46:in `block in safe_thread'

[1;34mINFO [0m 2025-07-16T07:12:08.175Z pid=13811 tid=1vv: Pausing to allow jobs to finish...
[1;34mINFO [0m 2025-07-16T07:12:09.176Z pid=13811 tid=bgj: Bye!
